[25Dec2023 00:00:33.331] [Server thread/INFO] [net.minecraft.server.MinecraftServer/]: Dev has made the advancement [Monster Hunter]
[25Dec2023 00:00:33.370] [Render thread/INFO] [net.minecraft.client.gui.components.ChatComponent/]: [CHAT] Dev has made the advancement [Monster Hunter]
[25Dec2023 00:00:33.372] [Render thread/INFO] [net.minecraft.advancements.AdvancementList/]: Loaded 31 advancements
[25Dec2023 00:00:56.231] [Server thread/INFO] [net.minecraft.client.server.IntegratedServer/]: Saving and pausing game...
[25Dec2023 00:00:56.245] [Server thread/INFO] [net.minecraft.server.MinecraftServer/]: Saving chunks for level 'ServerLevel[Test]'/minecraft:overworld
[25Dec2023 00:00:56.261] [Server thread/INFO] [net.minecraft.server.MinecraftServer/]: Saving chunks for level 'ServerLevel[Test]'/minecraft:the_nether
[25Dec2023 00:00:56.263] [Server thread/INFO] [net.minecraft.server.MinecraftServer/]: Saving chunks for level 'ServerLevel[Test]'/minecraft:the_end
[25Dec2023 00:00:57.309] [Render thread/INFO] [net.minecraft.client.Minecraft/]: Stopping!
[25Dec2023 00:00:57.342] [Server thread/INFO] [net.minecraft.server.network.ServerGamePacketListenerImpl/]: Dev lost connection: Disconnected
[25Dec2023 00:00:57.342] [Server thread/INFO] [net.minecraft.server.MinecraftServer/]: Dev left the game
[25Dec2023 00:00:57.362] [Server thread/INFO] [net.minecraft.server.network.ServerGamePacketListenerImpl/]: Stopping singleplayer server as player logged out
[25Dec2023 00:00:57.381] [Server thread/INFO] [net.minecraft.server.MinecraftServer/]: Stopping server
[25Dec2023 00:00:57.381] [Server thread/INFO] [net.minecraft.server.MinecraftServer/]: Saving players
[25Dec2023 00:00:57.381] [Server thread/INFO] [net.minecraft.server.MinecraftServer/]: Saving worlds
[25Dec2023 00:00:58.683] [Server thread/INFO] [net.minecraft.server.MinecraftServer/]: Saving chunks for level 'ServerLevel[Test]'/minecraft:overworld
[25Dec2023 00:01:00.376] [Server thread/INFO] [net.minecraft.server.MinecraftServer/]: Saving chunks for level 'ServerLevel[Test]'/minecraft:the_nether
[25Dec2023 00:01:00.377] [Server thread/INFO] [net.minecraft.server.MinecraftServer/]: Saving chunks for level 'ServerLevel[Test]'/minecraft:the_end
[25Dec2023 00:01:00.414] [Server thread/INFO] [net.minecraft.server.MinecraftServer/]: ThreadedAnvilChunkStorage (Test): All chunks are saved
[25Dec2023 00:01:00.414] [Server thread/INFO] [net.minecraft.server.MinecraftServer/]: ThreadedAnvilChunkStorage (DIM-1): All chunks are saved
[25Dec2023 00:01:00.414] [Server thread/INFO] [net.minecraft.server.MinecraftServer/]: ThreadedAnvilChunkStorage (DIM1): All chunks are saved
[25Dec2023 00:01:00.415] [Server thread/INFO] [net.minecraft.server.MinecraftServer/]: ThreadedAnvilChunkStorage: All dimensions are saved
